c:\users\yuzu0\desktop\hal\dx21\dx21_game\dx21\x64\release\vc143.pdb
c:\users\yuzu0\desktop\hal\dx21\dx21_game\dx21\x64\release\title.obj
c:\users\yuzu0\desktop\hal\dx21\dx21_game\dx21\x64\release\sprite.obj
c:\users\yuzu0\desktop\hal\dx21\dx21_game\dx21\x64\release\sound.obj
c:\users\yuzu0\desktop\hal\dx21\dx21_game\dx21\x64\release\score.obj
c:\users\yuzu0\desktop\hal\dx21\dx21_game\dx21\x64\release\result.obj
c:\users\yuzu0\desktop\hal\dx21\dx21_game\dx21\x64\release\renderer.obj
c:\users\yuzu0\desktop\hal\dx21\dx21_game\dx21\x64\release\polygon.obj
c:\users\yuzu0\desktop\hal\dx21\dx21_game\dx21\x64\release\piece.obj
c:\users\yuzu0\desktop\hal\dx21\dx21_game\dx21\x64\release\main.obj
c:\users\yuzu0\desktop\hal\dx21\dx21_game\dx21\x64\release\keyboard.obj
c:\users\yuzu0\desktop\hal\dx21\dx21_game\dx21\x64\release\game.obj
c:\users\yuzu0\desktop\hal\dx21\dx21_game\dx21\x64\release\field.obj
c:\users\yuzu0\desktop\hal\dx21\dx21_game\dx21\x64\release\effect.obj
c:\users\yuzu0\desktop\hal\dx21\dx21_game\dx21\x64\release\block.obj
c:\users\yuzu0\desktop\hal\dx21\dx21_game\x64\release\dx21.exe
c:\users\yuzu0\desktop\hal\dx21\dx21_game\x64\release\dx21.pdb
c:\users\yuzu0\desktop\hal\dx21\dx21_game\dx21\x64\release\dx21.ipdb
c:\users\yuzu0\desktop\hal\dx21\dx21_game\dx21\x64\release\dx21.iobj
c:\users\yuzu0\desktop\hal\dx21\dx21_game\dx21\x64\release\dx21.tlog\cl.command.1.tlog
c:\users\yuzu0\desktop\hal\dx21\dx21_game\dx21\x64\release\dx21.tlog\cl.items.tlog
c:\users\yuzu0\desktop\hal\dx21\dx21_game\dx21\x64\release\dx21.tlog\cl.read.1.tlog
c:\users\yuzu0\desktop\hal\dx21\dx21_game\dx21\x64\release\dx21.tlog\cl.write.1.tlog
c:\users\yuzu0\desktop\hal\dx21\dx21_game\dx21\x64\release\dx21.tlog\link.command.1.tlog
c:\users\yuzu0\desktop\hal\dx21\dx21_game\dx21\x64\release\dx21.tlog\link.read.1.tlog
c:\users\yuzu0\desktop\hal\dx21\dx21_game\dx21\x64\release\dx21.tlog\link.secondary.1.tlog
c:\users\yuzu0\desktop\hal\dx21\dx21_game\dx21\x64\release\dx21.tlog\link.write.1.tlog
