  block.cpp
C:\Users\yuzu0\Desktop\HAL\DX21\DX21_game\score.h(1,1): warning C4819: ファイルは、現在のコード ページ (932) で表示できない文字を含んでいます。データの損失を防ぐために、ファイルを Unicode 形式で保存してください。
  effect.cpp
  fade.cpp
  field.cpp
  game.cpp
C:\Users\yuzu0\Desktop\HAL\DX21\DX21_game\score.h(1,1): warning C4819: ファイルは、現在のコード ページ (932) で表示できない文字を含んでいます。データの損失を防ぐために、ファイルを Unicode 形式で保存してください。
  main.cpp
  piece.cpp
  result.cpp
  score.cpp
C:\Users\yuzu0\Desktop\HAL\DX21\DX21_game\score.cpp(1,1): warning C4819: ファイルは、現在のコード ページ (932) で表示できない文字を含んでいます。データの損失を防ぐために、ファイルを Unicode 形式で保存してください。
C:\Users\yuzu0\Desktop\HAL\DX21\DX21_game\score.h(1,1): warning C4819: ファイルは、現在のコード ページ (932) で表示できない文字を含んでいます。データの損失を防ぐために、ファイルを Unicode 形式で保存してください。
  sprite.cpp
  title.cpp
  コード生成しています。
  37 of 115 functions (32.2%) were compiled, the rest were copied from previous compilation.
    7 functions were new in current compilation
    10 functions had inline decision re-evaluated but remain unchanged
  コード生成が終了しました。
DirectXTex_Release.lib(DirectXTexD3D11.obj) : warning LNK4099: PDB '' が 'DirectXTex_Release.lib(DirectXTexD3D11.obj)' で、または '' に見つかりません。デバッグ情報がないものとして、オブジェクトにリンクします。
DirectXTex_Release.lib(DirectXTexWIC.obj) : warning LNK4099: PDB '' が 'DirectXTex_Release.lib(DirectXTexWIC.obj)' で、または '' に見つかりません。デバッグ情報がないものとして、オブジェクトにリンクします。
DirectXTex_Release.lib(DirectXTexImage.obj) : warning LNK4099: PDB '' が 'DirectXTex_Release.lib(DirectXTexImage.obj)' で、または '' に見つかりません。デバッグ情報がないものとして、オブジェクトにリンクします。
DirectXTex_Release.lib(DirectXTexUtil.obj) : warning LNK4099: PDB '' が 'DirectXTex_Release.lib(DirectXTexUtil.obj)' で、または '' に見つかりません。デバッグ情報がないものとして、オブジェクトにリンクします。
DirectXTex_Release.lib(DirectXTexConvert.obj) : warning LNK4099: PDB '' が 'DirectXTex_Release.lib(DirectXTexConvert.obj)' で、または '' に見つかりません。デバッグ情報がないものとして、オブジェクトにリンクします。
DirectXTex_Release.lib(DirectXTexCompress.obj) : warning LNK4099: PDB '' が 'DirectXTex_Release.lib(DirectXTexCompress.obj)' で、または '' に見つかりません。デバッグ情報がないものとして、オブジェクトにリンクします。
DirectXTex_Release.lib(DirectXTexMipMaps.obj) : warning LNK4099: PDB '' が 'DirectXTex_Release.lib(DirectXTexMipMaps.obj)' で、または '' に見つかりません。デバッグ情報がないものとして、オブジェクトにリンクします。
DirectXTex_Release.lib(BC.obj) : warning LNK4099: PDB '' が 'DirectXTex_Release.lib(BC.obj)' で、または '' に見つかりません。デバッグ情報がないものとして、オブジェクトにリンクします。
DirectXTex_Release.lib(BC4BC5.obj) : warning LNK4099: PDB '' が 'DirectXTex_Release.lib(BC4BC5.obj)' で、または '' に見つかりません。デバッグ情報がないものとして、オブジェクトにリンクします。
DirectXTex_Release.lib(BC6HBC7.obj) : warning LNK4099: PDB '' が 'DirectXTex_Release.lib(BC6HBC7.obj)' で、または '' に見つかりません。デバッグ情報がないものとして、オブジェクトにリンクします。
  DX21.vcxproj -> C:\Users\yuzu0\Desktop\HAL\DX21\DX21_game\x64\Release\DX21.exe
