c:\users\yuzu0\desktop\hal\dx21\dx21_game\dx21\x64\debug\vc143.pdb
c:\users\yuzu0\desktop\hal\dx21\dx21_game\dx21\x64\debug\vc143.idb
c:\users\yuzu0\desktop\hal\dx21\dx21_game\dx21\x64\debug\title.obj
c:\users\yuzu0\desktop\hal\dx21\dx21_game\dx21\x64\debug\sprite.obj
c:\users\yuzu0\desktop\hal\dx21\dx21_game\dx21\x64\debug\renderer.obj
c:\users\yuzu0\desktop\hal\dx21\dx21_game\dx21\x64\debug\polygon.obj
c:\users\yuzu0\desktop\hal\dx21\dx21_game\dx21\x64\debug\piece.obj
c:\users\yuzu0\desktop\hal\dx21\dx21_game\dx21\x64\debug\main.obj
c:\users\yuzu0\desktop\hal\dx21\dx21_game\dx21\x64\debug\keyboard.obj
c:\users\yuzu0\desktop\hal\dx21\dx21_game\dx21\x64\debug\field.obj
c:\users\yuzu0\desktop\hal\dx21\dx21_game\dx21\x64\debug\effect.obj
c:\users\yuzu0\desktop\hal\dx21\dx21_game\dx21\x64\debug\block.obj
c:\users\yuzu0\desktop\hal\dx21\dx21_game\dx21\x64\debug\score.obj
c:\users\yuzu0\desktop\hal\dx21\dx21_game\dx21\x64\debug\sound.obj
c:\users\yuzu0\desktop\hal\dx21\dx21_game\dx21\x64\debug\game.obj
c:\users\yuzu0\desktop\hal\dx21\dx21_game\dx21\x64\debug\result.obj
c:\users\yuzu0\desktop\hal\dx21\dx21_game\dx21\x64\debug\fade.obj
c:\users\yuzu0\desktop\hal\dx21\dx21_game\x64\debug\dx21.exe
c:\users\yuzu0\desktop\hal\dx21\dx21_game\x64\debug\dx21.pdb
c:\users\yuzu0\desktop\hal\dx21\dx21_game\dx21\x64\debug\dx21.ilk
c:\users\yuzu0\desktop\hal\dx21\dx21_game\x64\debug\dx21.ilk
c:\users\yuzu0\desktop\hal\dx21\dx21_game\dx21\x64\debug\dx21.tlog\cl.command.1.tlog
c:\users\yuzu0\desktop\hal\dx21\dx21_game\dx21\x64\debug\dx21.tlog\cl.items.tlog
c:\users\yuzu0\desktop\hal\dx21\dx21_game\dx21\x64\debug\dx21.tlog\cl.read.1.tlog
c:\users\yuzu0\desktop\hal\dx21\dx21_game\dx21\x64\debug\dx21.tlog\cl.write.1.tlog
c:\users\yuzu0\desktop\hal\dx21\dx21_game\dx21\x64\debug\dx21.tlog\link.command.1.tlog
c:\users\yuzu0\desktop\hal\dx21\dx21_game\dx21\x64\debug\dx21.tlog\link.read.1.tlog
c:\users\yuzu0\desktop\hal\dx21\dx21_game\dx21\x64\debug\dx21.tlog\link.secondary.1.tlog
c:\users\yuzu0\desktop\hal\dx21\dx21_game\dx21\x64\debug\dx21.tlog\link.write.1.tlog
